<?xml version="1.0" encoding="UTF-8"?>
<testng-results ignored="0" total="1" passed="1" failed="0" skipped="0">
  <reporter-output>
  </reporter-output>
  <suite started-at="2025-04-11T17:42:50 BDT" name="Default suite" finished-at="2025-04-11T17:42:59 BDT" duration-ms="9323">
    <groups>
    </groups>
    <test started-at="2025-04-11T17:42:50 BDT" name="Default test" finished-at="2025-04-11T17:42:59 BDT" duration-ms="9323">
      <class name="phSkillTest.PaginationTest">
        <test-method is-config="true" signature="setUp()[pri:0, instance:phSkillTest.PaginationTest@47af7f3d]" started-at="2025-04-11T17:42:50 BDT" name="setUp" finished-at="2025-04-11T17:42:51 BDT" duration-ms="1527" status="PASS">
          <reporter-output>
          </reporter-output>
        </test-method> <!-- setUp -->
        <test-method signature="testPagination()[pri:0, instance:phSkillTest.PaginationTest@47af7f3d]" started-at="2025-04-11T17:42:51 BDT" name="testPagination" finished-at="2025-04-11T17:42:59 BDT" duration-ms="7682" status="PASS">
          <reporter-output>
          </reporter-output>
        </test-method> <!-- testPagination -->
        <test-method is-config="true" signature="tearDown()[pri:0, instance:phSkillTest.PaginationTest@47af7f3d]" started-at="2025-04-11T17:42:59 BDT" name="tearDown" finished-at="2025-04-11T17:42:59 BDT" duration-ms="97" status="PASS">
          <reporter-output>
          </reporter-output>
        </test-method> <!-- tearDown -->
      </class> <!-- phSkillTest.PaginationTest -->
    </test> <!-- Default test -->
  </suite> <!-- Default suite -->
</testng-results>
